2012-05-14 03:21:46  manoj : system.hello
2012-05-14 09:27:13  manoj : system.hello
2012-05-14 12:08:22  manoj : system.hello
2012-05-14 05:38:24  manoj : system.hello
2012-05-14 05:53:15  manoj : system.hello
2012-05-14 05:54:47  manoj : system.hello
2012-05-14 06:23:28  tag : 
2012-05-14 06:23:35  tag : admin1234
2012-05-14 06:25:09  tag : 
2012-05-14 06:25:09  authuser : 
2012-05-14 06:25:17  tag : admin1234
2012-05-14 06:25:17  authuser : 
2012-05-14 06:26:14  tag : 
2012-05-14 06:26:14  authuser : 
2012-05-14 06:26:18  tag : admin1234
2012-05-14 06:26:18  authuser : 81dc9bdb52d04dc20036dbd8313ed055
2012-05-14 06:27:39  tag : admin1234
2012-05-14 06:30:09  tag : admin1234
2012-05-14 06:31:31  tag : 
2012-05-14 06:31:39  tag : 
2012-05-14 06:32:30  tag : 
2012-05-14 06:32:51  tag : admin1234
